<?xml version="1.0" encoding="UTF-8"?>
<testng-results ignored="0" total="1" passed="1" failed="0" skipped="0">
  <reporter-output>
  </reporter-output>
  <suite started-at="2024-02-12T21:15:49 EET" name="Default suite" finished-at="2024-02-12T21:15:58 EET" duration-ms="9258">
    <groups>
    </groups>
    <test started-at="2024-02-12T21:15:49 EET" name="Default test" finished-at="2024-02-12T21:15:58 EET" duration-ms="9258">
      <class name="appium2.appiumTesting">
        <test-method is-config="true" signature="setup()[pri:0, instance:appium2.appiumTesting@dd8ba08]" started-at="2024-02-12T21:15:49 EET" name="setup" finished-at="2024-02-12T21:15:49 EET" duration-ms="16" status="PASS">
          <reporter-output>
          </reporter-output>
        </test-method> <!-- setup -->
        <test-method signature="addNumbers()[pri:0, instance:appium2.appiumTesting@dd8ba08]" started-at="2024-02-12T21:15:49 EET" name="addNumbers" finished-at="2024-02-12T21:15:58 EET" duration-ms="9214" status="PASS">
          <reporter-output>
          </reporter-output>
        </test-method> <!-- addNumbers -->
        <test-method is-config="true" signature="myAfter()[pri:0, instance:appium2.appiumTesting@dd8ba08]" started-at="2024-02-12T21:15:58 EET" name="myAfter" finished-at="2024-02-12T21:15:58 EET" duration-ms="1" status="PASS">
          <reporter-output>
          </reporter-output>
        </test-method> <!-- myAfter -->
      </class> <!-- appium2.appiumTesting -->
    </test> <!-- Default test -->
  </suite> <!-- Default suite -->
</testng-results>
