<?xml version="1.0" encoding="UTF-8"?>
<testng-results ignored="0" total="1" passed="1" failed="0" skipped="0">
  <reporter-output>
  </reporter-output>
  <suite started-at="2024-02-10T20:54:50 EET" name="Default suite" finished-at="2024-02-10T20:55:19 EET" duration-ms="28858">
    <groups>
    </groups>
    <test started-at="2024-02-10T20:54:50 EET" name="Default test" finished-at="2024-02-10T20:55:19 EET" duration-ms="28858">
      <class name="appium2.appiumTesting">
        <test-method is-config="true" signature="setup()[pri:0, instance:appium2.appiumTesting@6d763516]" started-at="2024-02-10T20:54:50 EET" name="setup" finished-at="2024-02-10T20:54:50 EET" duration-ms="30" status="PASS">
          <reporter-output>
          </reporter-output>
        </test-method> <!-- setup -->
        <test-method signature="myFirstTest()[pri:0, instance:appium2.appiumTesting@6d763516]" started-at="2024-02-10T20:54:50 EET" name="myFirstTest" finished-at="2024-02-10T20:55:19 EET" duration-ms="28781" status="PASS">
          <reporter-output>
          </reporter-output>
        </test-method> <!-- myFirstTest -->
        <test-method is-config="true" signature="myAfter()[pri:0, instance:appium2.appiumTesting@6d763516]" started-at="2024-02-10T20:55:19 EET" name="myAfter" finished-at="2024-02-10T20:55:19 EET" duration-ms="1" status="PASS">
          <reporter-output>
          </reporter-output>
        </test-method> <!-- myAfter -->
      </class> <!-- appium2.appiumTesting -->
    </test> <!-- Default test -->
  </suite> <!-- Default suite -->
</testng-results>
